2022-03-23 13:53:17 [I] [38;5;78;1mapp[0m [38;5;15;1mKoishi/4.4.2[0m
2022-03-23 13:53:17 [I] [38;5;78;1mapp[0m apply plugin [38;5;78mconsole[0m
2022-03-23 13:53:17 [I] [38;5;78;1mapp[0m apply plugin [38;5;78mdataview[0m
2022-03-23 13:53:17 [I] [38;5;78;1mapp[0m apply plugin [38;5;78mlogger[0m
2022-03-23 13:53:17 [I] [38;5;78;1mapp[0m apply plugin [38;5;78mmanager[0m
2022-03-23 13:53:18 [I] [38;5;78;1mapp[0m apply plugin [38;5;78mstatus[0m
2022-03-23 13:53:18 [I] [38;5;78;1mapp[0m server listening at [38;5;78mhttp://localhost:8080[0m
2022-03-23 13:53:21 [W] [38;5;167;1mdiagnostic[0m plugin [38;5;167mdataview[0m is missing required service [38;5;167mdatabase[0m
2022-03-23 13:53:31 [E] [38;5;78;1mapp[0m cannot resolve plugin "adapter-null"
2022-03-23 14:01:58 [I] [38;5;78;1mapp[0m apply plugin [38;5;78madapter-onebot[0m
2022-03-23 14:04:16 [I] [38;5;178;1mmarket[0m > koishi-plugin-gocqhttp@2.2.4 postinstall F:\project\remm\remm\node_modules\koishi-plugin-gocqhttp
2022-03-23 14:04:16 [I] [38;5;178;1mmarket[0m > node install
2022-03-23 14:04:48 [W] [38;5;178;1mmarket[0m npm
2022-03-23 14:04:48 [W] [38;5;178;1mmarket[0m WARN lodash-unified@1.0.2 requires a peer of @types/lodash-es@* but none is installed. You must install peer dependencies yourself.
2022-03-23 14:04:48 [W] [38;5;178;1mmarket[0m npm WARN
2022-03-23 14:04:48 [W] [38;5;178;1mmarket[0m optional SKIPPING OPTIONAL DEPENDENCY: fsevents@2.3.2 (node_modules\fsevents):
2022-03-23 14:04:48 [W] [38;5;178;1mmarket[0m npm WARN notsup SKIPPING OPTIONAL DEPENDENCY: Unsupported platform for fsevents@2.3.2: wanted {"os":"darwin","arch":"any"} (current: {"os":"win32","arch":"x64"})
2022-03-23 14:04:48 [I] [38;5;178;1mmarket[0m added 7 packages from 2 contributors and audited 385 packages in 37.633s
2022-03-23 14:04:48 [I] [38;5;178;1mmarket[0m 71 packages are looking for funding
2022-03-23 14:04:48 [I] [38;5;178;1mmarket[0m   run `npm fund` for details
2022-03-23 14:04:48 [I] [38;5;178;1mmarket[0m found 0 vulnerabilities
2022-03-23 14:08:01 [I] [38;5;78;1mapp[0m apply plugin [38;5;78mgocqhttp[0m
2022-03-23 14:26:43 [I] [38;5;78;1mapp[0m reload plugin [38;5;78mgocqhttp[0m
2022-03-23 14:28:15 [I] [38;5;78;1mapp[0m apply plugin [38;5;78madapter-discord[0m
2022-03-23 14:28:28 [I] [38;5;78;1mapp[0m apply plugin [38;5;78madapter-discord[0m
2022-03-23 14:30:04 [D] [38;5;32;1mgocqhttp[0m å½“å‰ç‰ˆæœ¬:v1.0.0-rc1
2022-03-23 14:30:04 [W] [38;5;32;1mgocqhttp[0m è™šæ‹Ÿè®¾å¤‡ä¿¡æ¯ä¸å­˜åœ¨, å°†è‡ªåŠ¨ç”Ÿæˆéšæœºè®¾å¤‡.
2022-03-23 14:30:04 [D] [38;5;32;1mgocqhttp[0m å·²ç”Ÿæˆè®¾å¤‡ä¿¡æ¯å¹¶ä¿å­˜åˆ° device.json æ–‡ä»¶. 
2022-03-23 14:30:04 [D] [38;5;32;1mgocqhttp[0m å¼€å§‹å°è¯•ç™»å½•å¹¶åŒæ­¥æ¶ˆæ¯... 
2022-03-23 14:30:04 [D] [38;5;32;1mgocqhttp[0m ä½¿ç”¨åè®®: iPad
2022-03-23 14:30:04 [D] [38;5;32;1mgocqhttp[0m Protocol -> connect to server: 180.109.192.45:14000
2022-03-23 14:30:05 [W] [38;5;32;1mgocqhttp[0m ç™»å½•éœ€è¦æ»‘æ¡éªŒè¯ç , è¯·ä½¿ç”¨æ‰‹æœºQQæ‰«æäºŒç»´ç ä»¥ç»§ç»­ç™»å½•.
2022-03-23 14:30:05 [D] [38;5;32;1mgocqhttp[0m è¯·ä½¿ç”¨æ‰‹æœºQQæ‰«æäºŒç»´ç  (qrcode.png) :
2022-03-23 14:30:26 [D] [38;5;32;1mgocqhttp[0m æ‰«ç æˆåŠŸ, è¯·åœ¨æ‰‹æœºç«¯ç¡®è®¤ç™»å½•.
2022-03-23 14:30:28 [D] [38;5;32;1mgocqhttp[0m ç™»å½•æˆåŠŸ æ¬¢è¿ä½¿ç”¨: çœŸå¯» 
2022-03-23 14:30:28 [D] [38;5;32;1mgocqhttp[0m å¼€å§‹åŠ è½½å¥½å‹åˆ—è¡¨...
2022-03-23 14:30:28 [D] [38;5;32;1mgocqhttp[0m å…±åŠ è½½ 16 ä¸ªå¥½å‹. 
2022-03-23 14:30:28 [D] [38;5;32;1mgocqhttp[0m å¼€å§‹åŠ è½½ç¾¤åˆ—è¡¨...
2022-03-23 14:30:30 [D] [38;5;32;1mgocqhttp[0m å…±åŠ è½½ 4 ä¸ªç¾¤.
2022-03-23 14:30:31 [D] [38;5;32;1mgocqhttp[0m èµ„æºåˆå§‹åŒ–å®Œæˆ, å¼€å§‹å¤„ç†ä¿¡æ¯. 
2022-03-23 14:30:31 [D] [38;5;32;1mgocqhttp[0m ã‚¢ãƒˆãƒªã¯ã€é«˜æ€§èƒ½ã§ã™ã‹ã‚‰!
2022-03-23 14:30:31 [D] [38;5;32;1mgocqhttp[0m æ­£åœ¨æ£€æŸ¥æ›´æ–°. 
2022-03-23 14:30:31 [D] [38;5;32;1mgocqhttp[0m CQ WebSocket æœåŠ¡å™¨å·²å¯åŠ¨: 127.0.0.1:6700
2022-03-23 14:30:32 [D] [38;5;32;1mgocqhttp[0m æ£€æŸ¥æ›´æ–°å®Œæˆ. å½“å‰å·²è¿è¡Œæœ€æ–°ç‰ˆæœ¬.
2022-03-23 14:30:36 [D] [38;5;32;1mgocqhttp[0m å¼€å§‹è¯Šæ–­ç½‘ç»œæƒ…å†µ
2022-03-23 14:30:37 [D] [38;5;32;1mgocqhttp[0m ç½‘ç»œè¯Šæ–­å®Œæˆ. æœªå‘ç°é—®é¢˜
2022-03-23 14:31:30 [D] [38;5;32;1mgocqhttp[0m Bot è´¦å·åœ¨å®¢æˆ·ç«¯ Android (Android) ç™»å‡º.
2022-03-23 14:33:20 [D] [38;5;32;1mgocqhttp[0m æ”¶åˆ°å¥½å‹ ä¸€ãƒ™ä¸ƒãƒŸ(1182387960) çš„æ¶ˆæ¯: å¤©ç‹ç›–åœ°è™ (1800755128)
2022-03-23 14:34:21 [W] [38;5;178;1mmarket[0m npm WARN
2022-03-23 14:34:21 [W] [38;5;178;1mmarket[0m lodash-unified@1.0.2 requires a peer of @types/lodash-es@* but none is installed. You must install peer dependencies yourself.
2022-03-23 14:34:21 [W] [38;5;178;1mmarket[0m npm WARN
2022-03-23 14:34:21 [W] [38;5;178;1mmarket[0m optional SKIPPING OPTIONAL DEPENDENCY: fsevents@2.3.2 (node_modules\fsevents):
2022-03-23 14:34:21 [W] [38;5;178;1mmarket[0m npm WARN notsup SKIPPING OPTIONAL DEPENDENCY: Unsupported platform for fsevents@2.3.2: wanted {"os":"darwin","arch":"any"} (current: {"os":"win32","arch":"x64"})
2022-03-23 14:34:22 [I] [38;5;178;1mmarket[0m audited 385 packages in 4.374s
2022-03-23 14:34:22 [I] [38;5;178;1mmarket[0m 71 packages are looking for funding
2022-03-23 14:34:22 [I] [38;5;178;1mmarket[0m   run `npm fund` for details
2022-03-23 14:34:22 [I] [38;5;178;1mmarket[0m found 0 vulnerabilities
2022-03-23 14:42:18 [I] [38;5;78;1mapp[0m terminated by SIGINT
